{"/Users/sten/git/secure-programmin/src/demo.ts": {"path":"/Users/sten/git/secure-programmin/src/demo.ts","all":true,"statementMap":{"0":{"start":{"line":1,"column":0},"end":{"line":1,"column":45}},"1":{"start":{"line":2,"column":0},"end":{"line":2,"column":51}},"3":{"start":{"line":4,"column":0},"end":{"line":4,"column":17}},"4":{"start":{"line":5,"column":0},"end":{"line":5,"column":5}},"5":{"start":{"line":6,"column":0},"end":{"line":6,"column":15}},"6":{"start":{"line":7,"column":0},"end":{"line":7,"column":55}},"7":{"start":{"line":8,"column":0},"end":{"line":8,"column":40}},"8":{"start":{"line":9,"column":0},"end":{"line":9,"column":33}},"9":{"start":{"line":10,"column":0},"end":{"line":10,"column":8}},"10":{"start":{"line":11,"column":0},"end":{"line":11,"column":5}},"12":{"start":{"line":13,"column":0},"end":{"line":13,"column":16}},"13":{"start":{"line":14,"column":0},"end":{"line":14,"column":20}},"14":{"start":{"line":15,"column":0},"end":{"line":15,"column":37}},"15":{"start":{"line":16,"column":0},"end":{"line":16,"column":33}},"16":{"start":{"line":17,"column":0},"end":{"line":17,"column":37}},"17":{"start":{"line":18,"column":0},"end":{"line":18,"column":12}},"20":{"start":{"line":21,"column":0},"end":{"line":21,"column":57}},"21":{"start":{"line":22,"column":0},"end":{"line":22,"column":28}},"22":{"start":{"line":23,"column":0},"end":{"line":23,"column":91}},"23":{"start":{"line":24,"column":0},"end":{"line":24,"column":36}},"24":{"start":{"line":25,"column":0},"end":{"line":25,"column":88}},"25":{"start":{"line":26,"column":0},"end":{"line":26,"column":14}},"26":{"start":{"line":27,"column":0},"end":{"line":27,"column":9}},"27":{"start":{"line":28,"column":0},"end":{"line":28,"column":5}},"30":{"start":{"line":31,"column":0},"end":{"line":31,"column":41}},"32":{"start":{"line":33,"column":0},"end":{"line":33,"column":79}},"33":{"start":{"line":34,"column":0},"end":{"line":34,"column":57}},"34":{"start":{"line":35,"column":0},"end":{"line":35,"column":53}},"36":{"start":{"line":37,"column":0},"end":{"line":37,"column":72}},"37":{"start":{"line":38,"column":0},"end":{"line":38,"column":73}},"40":{"start":{"line":41,"column":0},"end":{"line":41,"column":39}},"41":{"start":{"line":42,"column":0},"end":{"line":42,"column":47}},"44":{"start":{"line":45,"column":0},"end":{"line":45,"column":79}},"45":{"start":{"line":46,"column":0},"end":{"line":46,"column":48}},"48":{"start":{"line":49,"column":0},"end":{"line":49,"column":5}},"49":{"start":{"line":50,"column":0},"end":{"line":50,"column":39}},"50":{"start":{"line":51,"column":0},"end":{"line":51,"column":34}},"51":{"start":{"line":52,"column":0},"end":{"line":52,"column":83}},"52":{"start":{"line":53,"column":0},"end":{"line":53,"column":1}},"55":{"start":{"line":56,"column":0},"end":{"line":56,"column":52}},"56":{"start":{"line":57,"column":0},"end":{"line":57,"column":57}},"59":{"start":{"line":60,"column":0},"end":{"line":60,"column":5}},"60":{"start":{"line":61,"column":0},"end":{"line":61,"column":38}},"61":{"start":{"line":62,"column":0},"end":{"line":62,"column":34}},"62":{"start":{"line":63,"column":0},"end":{"line":63,"column":89}},"63":{"start":{"line":64,"column":0},"end":{"line":64,"column":1}}},"s":{"0":0,"1":0,"3":0,"4":0,"5":0,"6":0,"7":0,"8":0,"9":0,"10":0,"12":0,"13":0,"14":0,"15":0,"16":0,"17":0,"20":0,"21":0,"22":0,"23":0,"24":0,"25":0,"26":0,"27":0,"30":0,"32":0,"33":0,"34":0,"36":0,"37":0,"40":0,"41":0,"44":0,"45":0,"48":0,"49":0,"50":0,"51":0,"52":0,"55":0,"56":0,"59":0,"60":0,"61":0,"62":0,"63":0},"branchMap":{"0":{"type":"branch","line":1,"loc":{"start":{"line":1,"column":2142},"end":{"line":64,"column":1}},"locations":[{"start":{"line":1,"column":2142},"end":{"line":64,"column":1}}]}},"b":{"0":[0]},"fnMap":{"0":{"name":"(empty-report)","decl":{"start":{"line":1,"column":2142},"end":{"line":64,"column":1}},"loc":{"start":{"line":1,"column":2142},"end":{"line":64,"column":1}},"line":1}},"f":{"0":0}}
,"/Users/sten/git/secure-programmin/src/fetchUser.ts": {"path":"/Users/sten/git/secure-programmin/src/fetchUser.ts","all":true,"statementMap":{"0":{"start":{"line":1,"column":0},"end":{"line":1,"column":54}},"2":{"start":{"line":3,"column":0},"end":{"line":3,"column":36}},"3":{"start":{"line":4,"column":0},"end":{"line":4,"column":7}},"4":{"start":{"line":5,"column":0},"end":{"line":5,"column":42}},"5":{"start":{"line":6,"column":0},"end":{"line":6,"column":43}},"6":{"start":{"line":7,"column":0},"end":{"line":7,"column":19}},"7":{"start":{"line":8,"column":0},"end":{"line":8,"column":49}},"8":{"start":{"line":9,"column":0},"end":{"line":9,"column":3}},"9":{"start":{"line":10,"column":0},"end":{"line":10,"column":1}},"12":{"start":{"line":13,"column":0},"end":{"line":13,"column":20}}},"s":{"0":0,"2":0,"3":0,"4":0,"5":0,"6":0,"7":0,"8":0,"9":0,"12":0},"branchMap":{"0":{"type":"branch","line":1,"loc":{"start":{"line":1,"column":0},"end":{"line":13,"column":-66}},"locations":[{"start":{"line":1,"column":0},"end":{"line":13,"column":-66}}]}},"b":{"0":[0]},"fnMap":{"0":{"name":"(empty-report)","decl":{"start":{"line":1,"column":0},"end":{"line":13,"column":-66}},"loc":{"start":{"line":1,"column":0},"end":{"line":13,"column":-66}},"line":1}},"f":{"0":0}}
,"/Users/sten/git/secure-programmin/src/api/getRandomUsers.ts": {"path":"/Users/sten/git/secure-programmin/src/api/getRandomUsers.ts","all":false,"statementMap":{"0":{"start":{"line":1,"column":0},"end":{"line":1,"column":37}},"2":{"start":{"line":3,"column":0},"end":{"line":3,"column":53}},"3":{"start":{"line":4,"column":0},"end":{"line":4,"column":78}},"4":{"start":{"line":5,"column":0},"end":{"line":5,"column":21}},"5":{"start":{"line":6,"column":0},"end":{"line":6,"column":62}},"6":{"start":{"line":7,"column":0},"end":{"line":7,"column":3}},"8":{"start":{"line":9,"column":0},"end":{"line":9,"column":37}},"11":{"start":{"line":12,"column":0},"end":{"line":12,"column":105}},"12":{"start":{"line":13,"column":0},"end":{"line":13,"column":12}},"13":{"start":{"line":14,"column":0},"end":{"line":14,"column":69}},"14":{"start":{"line":15,"column":0},"end":{"line":15,"column":6}},"16":{"start":{"line":17,"column":0},"end":{"line":17,"column":15}},"17":{"start":{"line":18,"column":0},"end":{"line":18,"column":1}}},"s":{"0":1,"2":1,"3":1,"4":1,"5":0,"6":0,"8":1,"11":1,"12":1,"13":1,"14":1,"16":1,"17":1},"branchMap":{"0":{"type":"branch","line":3,"loc":{"start":{"line":3,"column":0},"end":{"line":18,"column":1}},"locations":[{"start":{"line":3,"column":0},"end":{"line":18,"column":1}}]},"1":{"type":"branch","line":5,"loc":{"start":{"line":5,"column":20},"end":{"line":7,"column":3}},"locations":[{"start":{"line":5,"column":20},"end":{"line":7,"column":3}}]},"2":{"type":"branch","line":12,"loc":{"start":{"line":12,"column":33},"end":{"line":15,"column":4}},"locations":[{"start":{"line":12,"column":33},"end":{"line":15,"column":4}}]}},"b":{"0":[1],"1":[0],"2":[1]},"fnMap":{"0":{"name":"getRandomUsers","decl":{"start":{"line":3,"column":0},"end":{"line":18,"column":1}},"loc":{"start":{"line":3,"column":0},"end":{"line":18,"column":1}},"line":3}},"f":{"0":1}}
,"/Users/sten/git/secure-programmin/src/models/DomainModel.ts": {"path":"/Users/sten/git/secure-programmin/src/models/DomainModel.ts","all":false,"statementMap":{"0":{"start":{"line":1,"column":0},"end":{"line":1,"column":38}},"1":{"start":{"line":2,"column":0},"end":{"line":2,"column":32}},"3":{"start":{"line":4,"column":0},"end":{"line":4,"column":37}},"4":{"start":{"line":5,"column":0},"end":{"line":5,"column":52}},"5":{"start":{"line":6,"column":0},"end":{"line":6,"column":78}},"6":{"start":{"line":7,"column":0},"end":{"line":7,"column":9}},"8":{"start":{"line":9,"column":0},"end":{"line":9,"column":27}},"9":{"start":{"line":10,"column":0},"end":{"line":10,"column":73}},"10":{"start":{"line":11,"column":0},"end":{"line":11,"column":5}},"13":{"start":{"line":14,"column":0},"end":{"line":14,"column":33}},"16":{"start":{"line":17,"column":0},"end":{"line":17,"column":31}},"17":{"start":{"line":18,"column":0},"end":{"line":18,"column":34}},"18":{"start":{"line":19,"column":0},"end":{"line":19,"column":5}},"21":{"start":{"line":22,"column":0},"end":{"line":22,"column":44}},"22":{"start":{"line":23,"column":0},"end":{"line":23,"column":16}},"23":{"start":{"line":24,"column":0},"end":{"line":24,"column":103}},"24":{"start":{"line":25,"column":0},"end":{"line":25,"column":91}},"26":{"start":{"line":27,"column":0},"end":{"line":27,"column":5}},"27":{"start":{"line":28,"column":0},"end":{"line":28,"column":1}}},"s":{"0":1,"1":15,"3":15,"4":15,"5":2,"6":2,"8":13,"9":13,"10":15,"13":15,"16":15,"17":5,"18":5,"21":15,"22":2,"23":2,"24":2,"26":2,"27":15},"branchMap":{"0":{"type":"branch","line":1,"loc":{"start":{"line":1,"column":37},"end":{"line":28,"column":1}},"locations":[{"start":{"line":1,"column":37},"end":{"line":28,"column":1}}]},"1":{"type":"branch","line":4,"loc":{"start":{"line":4,"column":14},"end":{"line":11,"column":5}},"locations":[{"start":{"line":4,"column":14},"end":{"line":11,"column":5}}]},"2":{"type":"branch","line":5,"loc":{"start":{"line":5,"column":22},"end":{"line":5,"column":51}},"locations":[{"start":{"line":5,"column":22},"end":{"line":5,"column":51}}]},"3":{"type":"branch","line":5,"loc":{"start":{"line":5,"column":51},"end":{"line":7,"column":9}},"locations":[{"start":{"line":5,"column":51},"end":{"line":7,"column":9}}]},"4":{"type":"branch","line":7,"loc":{"start":{"line":7,"column":8},"end":{"line":10,"column":73}},"locations":[{"start":{"line":7,"column":8},"end":{"line":10,"column":73}}]},"5":{"type":"branch","line":17,"loc":{"start":{"line":17,"column":11},"end":{"line":19,"column":5}},"locations":[{"start":{"line":17,"column":11},"end":{"line":19,"column":5}}]},"6":{"type":"branch","line":22,"loc":{"start":{"line":22,"column":11},"end":{"line":27,"column":5}},"locations":[{"start":{"line":22,"column":11},"end":{"line":27,"column":5}}]}},"b":{"0":[15],"1":[15],"2":[14],"3":[2],"4":[13],"5":[5],"6":[2]},"fnMap":{"0":{"name":"<instance_members_initializer>","decl":{"start":{"line":1,"column":37},"end":{"line":28,"column":1}},"loc":{"start":{"line":1,"column":37},"end":{"line":28,"column":1}},"line":1},"1":{"name":"DomainModel","decl":{"start":{"line":4,"column":14},"end":{"line":11,"column":5}},"loc":{"start":{"line":4,"column":14},"end":{"line":11,"column":5}},"line":4},"2":{"name":"validate","decl":{"start":{"line":14,"column":14},"end":{"line":14,"column":33}},"loc":{"start":{"line":14,"column":14},"end":{"line":14,"column":33}},"line":14},"3":{"name":"toString","decl":{"start":{"line":17,"column":11},"end":{"line":19,"column":5}},"loc":{"start":{"line":17,"column":11},"end":{"line":19,"column":5}},"line":17},"4":{"name":"equals","decl":{"start":{"line":22,"column":11},"end":{"line":27,"column":5}},"loc":{"start":{"line":22,"column":11},"end":{"line":27,"column":5}},"line":22}},"f":{"0":15,"1":15,"2":0,"3":5,"4":2}}
,"/Users/sten/git/secure-programmin/src/models/FileName.ts": {"path":"/Users/sten/git/secure-programmin/src/models/FileName.ts","all":false,"statementMap":{"0":{"start":{"line":1,"column":0},"end":{"line":1,"column":44}},"2":{"start":{"line":3,"column":0},"end":{"line":3,"column":51}},"3":{"start":{"line":4,"column":0},"end":{"line":4,"column":36}},"4":{"start":{"line":5,"column":0},"end":{"line":5,"column":69}},"6":{"start":{"line":7,"column":0},"end":{"line":7,"column":44}},"7":{"start":{"line":8,"column":0},"end":{"line":8,"column":38}},"8":{"start":{"line":9,"column":0},"end":{"line":9,"column":5}},"10":{"start":{"line":11,"column":0},"end":{"line":11,"column":32}},"12":{"start":{"line":13,"column":0},"end":{"line":13,"column":45}},"13":{"start":{"line":14,"column":0},"end":{"line":14,"column":57}},"14":{"start":{"line":15,"column":0},"end":{"line":15,"column":9}},"15":{"start":{"line":16,"column":0},"end":{"line":16,"column":54}},"16":{"start":{"line":17,"column":0},"end":{"line":17,"column":97}},"17":{"start":{"line":18,"column":0},"end":{"line":18,"column":10}},"19":{"start":{"line":20,"column":0},"end":{"line":20,"column":60}},"20":{"start":{"line":21,"column":0},"end":{"line":21,"column":127}},"21":{"start":{"line":22,"column":0},"end":{"line":22,"column":9}},"22":{"start":{"line":23,"column":0},"end":{"line":23,"column":5}},"24":{"start":{"line":25,"column":0},"end":{"line":25,"column":1}}},"s":{"0":1,"2":1,"3":1,"4":1,"6":1,"7":4,"8":4,"10":1,"12":4,"13":1,"14":1,"15":4,"16":1,"17":1,"19":4,"20":1,"21":1,"22":4,"24":1},"branchMap":{"0":{"type":"branch","line":3,"loc":{"start":{"line":3,"column":50},"end":{"line":25,"column":1}},"locations":[{"start":{"line":3,"column":50},"end":{"line":25,"column":1}}]},"1":{"type":"branch","line":7,"loc":{"start":{"line":7,"column":11},"end":{"line":9,"column":5}},"locations":[{"start":{"line":7,"column":11},"end":{"line":9,"column":5}}]},"2":{"type":"branch","line":11,"loc":{"start":{"line":11,"column":14},"end":{"line":23,"column":5}},"locations":[{"start":{"line":11,"column":14},"end":{"line":23,"column":5}}]},"3":{"type":"branch","line":13,"loc":{"start":{"line":13,"column":44},"end":{"line":15,"column":9}},"locations":[{"start":{"line":13,"column":44},"end":{"line":15,"column":9}}]},"4":{"type":"branch","line":15,"loc":{"start":{"line":15,"column":8},"end":{"line":16,"column":53}},"locations":[{"start":{"line":15,"column":8},"end":{"line":16,"column":53}}]},"5":{"type":"branch","line":16,"loc":{"start":{"line":16,"column":53},"end":{"line":18,"column":10}},"locations":[{"start":{"line":16,"column":53},"end":{"line":18,"column":10}}]},"6":{"type":"branch","line":18,"loc":{"start":{"line":18,"column":9},"end":{"line":20,"column":59}},"locations":[{"start":{"line":18,"column":9},"end":{"line":20,"column":59}}]},"7":{"type":"branch","line":20,"loc":{"start":{"line":20,"column":59},"end":{"line":22,"column":9}},"locations":[{"start":{"line":20,"column":59},"end":{"line":22,"column":9}}]}},"b":{"0":[1],"1":[4],"2":[4],"3":[1],"4":[3],"5":[1],"6":[2],"7":[1]},"fnMap":{"0":{"name":"<static_initializer>","decl":{"start":{"line":3,"column":50},"end":{"line":25,"column":1}},"loc":{"start":{"line":3,"column":50},"end":{"line":25,"column":1}},"line":3},"1":{"name":"create","decl":{"start":{"line":7,"column":11},"end":{"line":9,"column":5}},"loc":{"start":{"line":7,"column":11},"end":{"line":9,"column":5}},"line":7},"2":{"name":"validate","decl":{"start":{"line":11,"column":14},"end":{"line":23,"column":5}},"loc":{"start":{"line":11,"column":14},"end":{"line":23,"column":5}},"line":11}},"f":{"0":1,"1":4,"2":4}}
,"/Users/sten/git/secure-programmin/src/models/Guid.ts": {"path":"/Users/sten/git/secure-programmin/src/models/Guid.ts","all":false,"statementMap":{"0":{"start":{"line":1,"column":0},"end":{"line":1,"column":44}},"2":{"start":{"line":3,"column":0},"end":{"line":3,"column":75}},"3":{"start":{"line":4,"column":0},"end":{"line":4,"column":42}},"4":{"start":{"line":5,"column":0},"end":{"line":5,"column":21}},"5":{"start":{"line":6,"column":0},"end":{"line":6,"column":5}},"8":{"start":{"line":9,"column":0},"end":{"line":9,"column":32}},"9":{"start":{"line":10,"column":0},"end":{"line":10,"column":44}},"10":{"start":{"line":11,"column":0},"end":{"line":11,"column":66}},"11":{"start":{"line":12,"column":0},"end":{"line":12,"column":9}},"12":{"start":{"line":13,"column":0},"end":{"line":13,"column":5}},"15":{"start":{"line":16,"column":0},"end":{"line":16,"column":56}},"16":{"start":{"line":17,"column":0},"end":{"line":17,"column":25}},"17":{"start":{"line":18,"column":0},"end":{"line":18,"column":78}},"18":{"start":{"line":19,"column":0},"end":{"line":19,"column":37}},"19":{"start":{"line":20,"column":0},"end":{"line":20,"column":5}},"22":{"start":{"line":23,"column":0},"end":{"line":23,"column":82}},"23":{"start":{"line":24,"column":0},"end":{"line":24,"column":45}},"24":{"start":{"line":25,"column":0},"end":{"line":25,"column":5}},"25":{"start":{"line":26,"column":0},"end":{"line":26,"column":1}}},"s":{"0":1,"2":1,"3":1,"4":2,"5":2,"8":1,"9":2,"10":0,"11":0,"12":2,"15":1,"16":2,"17":2,"18":2,"19":2,"22":1,"23":1,"24":1,"25":1},"branchMap":{"0":{"type":"branch","line":4,"loc":{"start":{"line":4,"column":14},"end":{"line":6,"column":5}},"locations":[{"start":{"line":4,"column":14},"end":{"line":6,"column":5}}]},"1":{"type":"branch","line":9,"loc":{"start":{"line":9,"column":14},"end":{"line":13,"column":5}},"locations":[{"start":{"line":9,"column":14},"end":{"line":13,"column":5}}]},"2":{"type":"branch","line":10,"loc":{"start":{"line":10,"column":43},"end":{"line":12,"column":9}},"locations":[{"start":{"line":10,"column":43},"end":{"line":12,"column":9}}]},"3":{"type":"branch","line":16,"loc":{"start":{"line":16,"column":19},"end":{"line":20,"column":5}},"locations":[{"start":{"line":16,"column":19},"end":{"line":20,"column":5}}]},"4":{"type":"branch","line":23,"loc":{"start":{"line":23,"column":18},"end":{"line":25,"column":5}},"locations":[{"start":{"line":23,"column":18},"end":{"line":25,"column":5}}]}},"b":{"0":[2],"1":[2],"2":[0],"3":[2],"4":[1]},"fnMap":{"0":{"name":"Guid","decl":{"start":{"line":4,"column":14},"end":{"line":6,"column":5}},"loc":{"start":{"line":4,"column":14},"end":{"line":6,"column":5}},"line":4},"1":{"name":"validate","decl":{"start":{"line":9,"column":14},"end":{"line":13,"column":5}},"loc":{"start":{"line":9,"column":14},"end":{"line":13,"column":5}},"line":9},"2":{"name":"isValidGuid","decl":{"start":{"line":16,"column":19},"end":{"line":20,"column":5}},"loc":{"start":{"line":16,"column":19},"end":{"line":20,"column":5}},"line":16},"3":{"name":"generate","decl":{"start":{"line":23,"column":18},"end":{"line":25,"column":5}},"loc":{"start":{"line":23,"column":18},"end":{"line":25,"column":5}},"line":23}},"f":{"0":2,"1":2,"2":2,"3":1}}
,"/Users/sten/git/secure-programmin/src/models/IUser.ts": {"path":"/Users/sten/git/secure-programmin/src/models/IUser.ts","all":true,"statementMap":{},"s":{},"branchMap":{"0":{"type":"branch","line":1,"loc":{"start":{"line":1,"column":1303},"end":{"line":78,"column":3}},"locations":[{"start":{"line":1,"column":1303},"end":{"line":78,"column":3}}]}},"b":{"0":[1]},"fnMap":{"0":{"name":"(empty-report)","decl":{"start":{"line":1,"column":1303},"end":{"line":78,"column":3}},"loc":{"start":{"line":1,"column":1303},"end":{"line":78,"column":3}},"line":1}},"f":{"0":1}}
,"/Users/sten/git/secure-programmin/src/models/PipeGuid.ts": {"path":"/Users/sten/git/secure-programmin/src/models/PipeGuid.ts","all":true,"statementMap":{"0":{"start":{"line":1,"column":0},"end":{"line":1,"column":30}},"2":{"start":{"line":3,"column":0},"end":{"line":3,"column":46}},"3":{"start":{"line":4,"column":0},"end":{"line":4,"column":32}},"4":{"start":{"line":5,"column":0},"end":{"line":5,"column":21}},"5":{"start":{"line":6,"column":0},"end":{"line":6,"column":5}},"8":{"start":{"line":9,"column":0},"end":{"line":9,"column":51}},"9":{"start":{"line":10,"column":0},"end":{"line":10,"column":35}},"10":{"start":{"line":11,"column":0},"end":{"line":11,"column":5}},"11":{"start":{"line":12,"column":0},"end":{"line":12,"column":1}}},"s":{"0":0,"2":0,"3":0,"4":0,"5":0,"8":0,"9":0,"10":0,"11":0},"branchMap":{"0":{"type":"branch","line":1,"loc":{"start":{"line":1,"column":0},"end":{"line":12,"column":-69}},"locations":[{"start":{"line":1,"column":0},"end":{"line":12,"column":-69}}]}},"b":{"0":[0]},"fnMap":{"0":{"name":"(empty-report)","decl":{"start":{"line":1,"column":0},"end":{"line":12,"column":-69}},"loc":{"start":{"line":1,"column":0},"end":{"line":12,"column":-69}},"line":1}},"f":{"0":0}}
,"/Users/sten/git/secure-programmin/src/models/ProjectGuid.ts": {"path":"/Users/sten/git/secure-programmin/src/models/ProjectGuid.ts","all":false,"statementMap":{"0":{"start":{"line":1,"column":0},"end":{"line":1,"column":30}},"2":{"start":{"line":3,"column":0},"end":{"line":3,"column":52}},"3":{"start":{"line":4,"column":0},"end":{"line":4,"column":32}},"4":{"start":{"line":5,"column":0},"end":{"line":5,"column":21}},"5":{"start":{"line":6,"column":0},"end":{"line":6,"column":5}},"8":{"start":{"line":9,"column":0},"end":{"line":9,"column":54}},"9":{"start":{"line":10,"column":0},"end":{"line":10,"column":38}},"10":{"start":{"line":11,"column":0},"end":{"line":11,"column":5}},"13":{"start":{"line":14,"column":0},"end":{"line":14,"column":1}}},"s":{"0":1,"2":1,"3":1,"4":2,"5":2,"8":1,"9":1,"10":1,"13":1},"branchMap":{"0":{"type":"branch","line":4,"loc":{"start":{"line":4,"column":4},"end":{"line":6,"column":5}},"locations":[{"start":{"line":4,"column":4},"end":{"line":6,"column":5}}]},"1":{"type":"branch","line":9,"loc":{"start":{"line":9,"column":18},"end":{"line":11,"column":5}},"locations":[{"start":{"line":9,"column":18},"end":{"line":11,"column":5}}]}},"b":{"0":[2],"1":[1]},"fnMap":{"0":{"name":"ProjectGuid","decl":{"start":{"line":4,"column":4},"end":{"line":6,"column":5}},"loc":{"start":{"line":4,"column":4},"end":{"line":6,"column":5}},"line":4},"1":{"name":"create","decl":{"start":{"line":9,"column":18},"end":{"line":11,"column":5}},"loc":{"start":{"line":9,"column":18},"end":{"line":11,"column":5}},"line":9}},"f":{"0":2,"1":1}}
,"/Users/sten/git/secure-programmin/src/types/apiResponse.ts": {"path":"/Users/sten/git/secure-programmin/src/types/apiResponse.ts","all":false,"statementMap":{"21":{"start":{"line":22,"column":0},"end":{"line":22,"column":30}},"22":{"start":{"line":23,"column":0},"end":{"line":23,"column":30}},"25":{"start":{"line":26,"column":0},"end":{"line":26,"column":13}},"26":{"start":{"line":27,"column":0},"end":{"line":27,"column":13}},"28":{"start":{"line":29,"column":0},"end":{"line":29,"column":29}},"29":{"start":{"line":30,"column":0},"end":{"line":30,"column":31}},"30":{"start":{"line":31,"column":0},"end":{"line":31,"column":3}},"31":{"start":{"line":32,"column":0},"end":{"line":32,"column":1}},"33":{"start":{"line":34,"column":0},"end":{"line":34,"column":12}},"34":{"start":{"line":35,"column":0},"end":{"line":35,"column":15}},"35":{"start":{"line":36,"column":0},"end":{"line":36,"column":13}},"36":{"start":{"line":37,"column":0},"end":{"line":37,"column":16}},"38":{"start":{"line":39,"column":0},"end":{"line":39,"column":56}},"39":{"start":{"line":40,"column":0},"end":{"line":40,"column":23}},"40":{"start":{"line":41,"column":0},"end":{"line":41,"column":21}},"41":{"start":{"line":42,"column":0},"end":{"line":42,"column":23}},"42":{"start":{"line":43,"column":0},"end":{"line":43,"column":3}},"43":{"start":{"line":44,"column":0},"end":{"line":44,"column":1}},"45":{"start":{"line":46,"column":0},"end":{"line":46,"column":12}},"46":{"start":{"line":47,"column":0},"end":{"line":47,"column":15}},"47":{"start":{"line":48,"column":0},"end":{"line":48,"column":18}},"48":{"start":{"line":49,"column":0},"end":{"line":49,"column":15}},"49":{"start":{"line":50,"column":0},"end":{"line":50,"column":18}},"51":{"start":{"line":52,"column":0},"end":{"line":52,"column":77}},"52":{"start":{"line":53,"column":0},"end":{"line":53,"column":21}},"53":{"start":{"line":54,"column":0},"end":{"line":54,"column":27}},"54":{"start":{"line":55,"column":0},"end":{"line":55,"column":21}},"55":{"start":{"line":56,"column":0},"end":{"line":56,"column":27}},"56":{"start":{"line":57,"column":0},"end":{"line":57,"column":3}},"57":{"start":{"line":58,"column":0},"end":{"line":58,"column":1}},"59":{"start":{"line":60,"column":0},"end":{"line":60,"column":19}},"60":{"start":{"line":61,"column":0},"end":{"line":61,"column":18}},"61":{"start":{"line":62,"column":0},"end":{"line":62,"column":13}},"63":{"start":{"line":64,"column":0},"end":{"line":64,"column":44}},"64":{"start":{"line":65,"column":0},"end":{"line":65,"column":27}},"65":{"start":{"line":66,"column":0},"end":{"line":66,"column":21}},"66":{"start":{"line":67,"column":0},"end":{"line":67,"column":3}},"67":{"start":{"line":68,"column":0},"end":{"line":68,"column":1}}},"s":{"21":1,"22":1,"25":1,"26":1,"28":1,"29":1,"30":1,"31":1,"33":1,"34":1,"35":1,"36":1,"38":1,"39":1,"40":1,"41":1,"42":1,"43":1,"45":1,"46":1,"47":1,"48":1,"49":1,"51":1,"52":1,"53":1,"54":1,"55":1,"56":1,"57":1,"59":1,"60":1,"61":1,"63":1,"64":1,"65":1,"66":1,"67":1},"branchMap":{"0":{"type":"branch","line":26,"loc":{"start":{"line":26,"column":12},"end":{"line":32,"column":1}},"locations":[{"start":{"line":26,"column":12},"end":{"line":32,"column":1}}]},"1":{"type":"branch","line":29,"loc":{"start":{"line":29,"column":2},"end":{"line":31,"column":3}},"locations":[{"start":{"line":29,"column":2},"end":{"line":31,"column":3}}]},"2":{"type":"branch","line":34,"loc":{"start":{"line":34,"column":11},"end":{"line":44,"column":1}},"locations":[{"start":{"line":34,"column":11},"end":{"line":44,"column":1}}]},"3":{"type":"branch","line":39,"loc":{"start":{"line":39,"column":2},"end":{"line":43,"column":3}},"locations":[{"start":{"line":39,"column":2},"end":{"line":43,"column":3}}]},"4":{"type":"branch","line":46,"loc":{"start":{"line":46,"column":11},"end":{"line":58,"column":1}},"locations":[{"start":{"line":46,"column":11},"end":{"line":58,"column":1}}]},"5":{"type":"branch","line":52,"loc":{"start":{"line":52,"column":2},"end":{"line":57,"column":3}},"locations":[{"start":{"line":52,"column":2},"end":{"line":57,"column":3}}]},"6":{"type":"branch","line":60,"loc":{"start":{"line":60,"column":18},"end":{"line":68,"column":1}},"locations":[{"start":{"line":60,"column":18},"end":{"line":68,"column":1}}]},"7":{"type":"branch","line":64,"loc":{"start":{"line":64,"column":2},"end":{"line":67,"column":3}},"locations":[{"start":{"line":64,"column":2},"end":{"line":67,"column":3}}]}},"b":{"0":[1],"1":[1],"2":[1],"3":[1],"4":[1],"5":[1],"6":[1],"7":[1]},"fnMap":{"0":{"name":"<instance_members_initializer>","decl":{"start":{"line":26,"column":12},"end":{"line":32,"column":1}},"loc":{"start":{"line":26,"column":12},"end":{"line":32,"column":1}},"line":26},"1":{"name":"Login","decl":{"start":{"line":29,"column":2},"end":{"line":31,"column":3}},"loc":{"start":{"line":29,"column":2},"end":{"line":31,"column":3}},"line":29},"2":{"name":"<instance_members_initializer>","decl":{"start":{"line":34,"column":11},"end":{"line":44,"column":1}},"loc":{"start":{"line":34,"column":11},"end":{"line":44,"column":1}},"line":34},"3":{"name":"User","decl":{"start":{"line":39,"column":2},"end":{"line":43,"column":3}},"loc":{"start":{"line":39,"column":2},"end":{"line":43,"column":3}},"line":39},"4":{"name":"<instance_members_initializer>","decl":{"start":{"line":46,"column":11},"end":{"line":58,"column":1}},"loc":{"start":{"line":46,"column":11},"end":{"line":58,"column":1}},"line":46},"5":{"name":"Info","decl":{"start":{"line":52,"column":2},"end":{"line":57,"column":3}},"loc":{"start":{"line":52,"column":2},"end":{"line":57,"column":3}},"line":52},"6":{"name":"<instance_members_initializer>","decl":{"start":{"line":60,"column":18},"end":{"line":68,"column":1}},"loc":{"start":{"line":60,"column":18},"end":{"line":68,"column":1}},"line":60},"7":{"name":"ApiResponse","decl":{"start":{"line":64,"column":2},"end":{"line":67,"column":3}},"loc":{"start":{"line":64,"column":2},"end":{"line":67,"column":3}},"line":64}},"f":{"0":1,"1":1,"2":1,"3":1,"4":1,"5":1,"6":1,"7":1}}
,"/Users/sten/git/secure-programmin/src/types/guid.ts": {"path":"/Users/sten/git/secure-programmin/src/types/guid.ts","all":false,"statementMap":{"0":{"start":{"line":1,"column":0},"end":{"line":1,"column":19}},"1":{"start":{"line":2,"column":0},"end":{"line":2,"column":24}},"2":{"start":{"line":3,"column":0},"end":{"line":3,"column":112}},"4":{"start":{"line":5,"column":0},"end":{"line":5,"column":30}},"5":{"start":{"line":6,"column":0},"end":{"line":6,"column":35}},"6":{"start":{"line":7,"column":0},"end":{"line":7,"column":45}},"7":{"start":{"line":8,"column":0},"end":{"line":8,"column":5}},"8":{"start":{"line":9,"column":0},"end":{"line":9,"column":23}},"9":{"start":{"line":10,"column":0},"end":{"line":10,"column":3}},"11":{"start":{"line":12,"column":0},"end":{"line":12,"column":54}},"12":{"start":{"line":13,"column":0},"end":{"line":13,"column":38}},"13":{"start":{"line":14,"column":0},"end":{"line":14,"column":3}},"15":{"start":{"line":16,"column":0},"end":{"line":16,"column":29}},"16":{"start":{"line":17,"column":0},"end":{"line":17,"column":22}},"17":{"start":{"line":18,"column":0},"end":{"line":18,"column":3}},"18":{"start":{"line":19,"column":0},"end":{"line":19,"column":1}}},"s":{"0":1,"1":8,"2":8,"4":8,"5":6,"6":4,"7":4,"8":2,"9":6,"11":8,"12":6,"13":6,"15":8,"16":1,"17":1,"18":8},"branchMap":{"0":{"type":"branch","line":1,"loc":{"start":{"line":1,"column":18},"end":{"line":19,"column":1}},"locations":[{"start":{"line":1,"column":18},"end":{"line":19,"column":1}}]},"1":{"type":"branch","line":5,"loc":{"start":{"line":5,"column":2},"end":{"line":10,"column":3}},"locations":[{"start":{"line":5,"column":2},"end":{"line":10,"column":3}}]},"2":{"type":"branch","line":6,"loc":{"start":{"line":6,"column":34},"end":{"line":8,"column":5}},"locations":[{"start":{"line":6,"column":34},"end":{"line":8,"column":5}}]},"3":{"type":"branch","line":8,"loc":{"start":{"line":8,"column":4},"end":{"line":9,"column":23}},"locations":[{"start":{"line":8,"column":4},"end":{"line":9,"column":23}}]},"4":{"type":"branch","line":12,"loc":{"start":{"line":12,"column":17},"end":{"line":14,"column":3}},"locations":[{"start":{"line":12,"column":17},"end":{"line":14,"column":3}}]},"5":{"type":"branch","line":16,"loc":{"start":{"line":16,"column":9},"end":{"line":18,"column":3}},"locations":[{"start":{"line":16,"column":9},"end":{"line":18,"column":3}}]}},"b":{"0":[8],"1":[6],"2":[4],"3":[2],"4":[6],"5":[1]},"fnMap":{"0":{"name":"<instance_members_initializer>","decl":{"start":{"line":1,"column":18},"end":{"line":19,"column":1}},"loc":{"start":{"line":1,"column":18},"end":{"line":19,"column":1}},"line":1},"1":{"name":"Guid","decl":{"start":{"line":5,"column":2},"end":{"line":10,"column":3}},"loc":{"start":{"line":5,"column":2},"end":{"line":10,"column":3}},"line":5},"2":{"name":"isValidGuid","decl":{"start":{"line":12,"column":17},"end":{"line":14,"column":3}},"loc":{"start":{"line":12,"column":17},"end":{"line":14,"column":3}},"line":12},"3":{"name":"toString","decl":{"start":{"line":16,"column":9},"end":{"line":18,"column":3}},"loc":{"start":{"line":16,"column":9},"end":{"line":18,"column":3}},"line":16}},"f":{"0":8,"1":6,"2":6,"3":1}}
,"/Users/sten/git/secure-programmin/src/types/name.ts": {"path":"/Users/sten/git/secure-programmin/src/types/name.ts","all":false,"statementMap":{"1":{"start":{"line":2,"column":0},"end":{"line":2,"column":42}},"3":{"start":{"line":4,"column":0},"end":{"line":4,"column":19}},"4":{"start":{"line":5,"column":0},"end":{"line":5,"column":20}},"5":{"start":{"line":6,"column":0},"end":{"line":6,"column":19}},"6":{"start":{"line":7,"column":0},"end":{"line":7,"column":16}},"8":{"start":{"line":9,"column":0},"end":{"line":9,"column":59}},"9":{"start":{"line":10,"column":0},"end":{"line":10,"column":30}},"10":{"start":{"line":11,"column":0},"end":{"line":11,"column":53}},"11":{"start":{"line":12,"column":0},"end":{"line":12,"column":5}},"12":{"start":{"line":13,"column":0},"end":{"line":13,"column":29}},"13":{"start":{"line":14,"column":0},"end":{"line":14,"column":52}},"14":{"start":{"line":15,"column":0},"end":{"line":15,"column":5}},"15":{"start":{"line":16,"column":0},"end":{"line":16,"column":32}},"16":{"start":{"line":17,"column":0},"end":{"line":17,"column":39}},"17":{"start":{"line":18,"column":0},"end":{"line":18,"column":37}},"18":{"start":{"line":19,"column":0},"end":{"line":19,"column":4}},"20":{"start":{"line":21,"column":0},"end":{"line":21,"column":35}},"21":{"start":{"line":22,"column":0},"end":{"line":22,"column":54}},"22":{"start":{"line":23,"column":0},"end":{"line":23,"column":4}},"23":{"start":{"line":24,"column":0},"end":{"line":24,"column":1}}},"s":{"1":1,"3":1,"4":9,"5":9,"6":9,"8":9,"9":9,"10":1,"11":1,"12":9,"13":1,"14":1,"15":7,"16":7,"17":7,"18":9,"20":9,"21":2,"22":2,"23":9},"branchMap":{"0":{"type":"branch","line":4,"loc":{"start":{"line":4,"column":18},"end":{"line":24,"column":1}},"locations":[{"start":{"line":4,"column":18},"end":{"line":24,"column":1}}]},"1":{"type":"branch","line":9,"loc":{"start":{"line":9,"column":2},"end":{"line":19,"column":4}},"locations":[{"start":{"line":9,"column":2},"end":{"line":19,"column":4}}]},"2":{"type":"branch","line":10,"loc":{"start":{"line":10,"column":29},"end":{"line":12,"column":5}},"locations":[{"start":{"line":10,"column":29},"end":{"line":12,"column":5}}]},"3":{"type":"branch","line":12,"loc":{"start":{"line":12,"column":4},"end":{"line":13,"column":28}},"locations":[{"start":{"line":12,"column":4},"end":{"line":13,"column":28}}]},"4":{"type":"branch","line":13,"loc":{"start":{"line":13,"column":28},"end":{"line":15,"column":5}},"locations":[{"start":{"line":13,"column":28},"end":{"line":15,"column":5}}]},"5":{"type":"branch","line":15,"loc":{"start":{"line":15,"column":4},"end":{"line":18,"column":37}},"locations":[{"start":{"line":15,"column":4},"end":{"line":18,"column":37}}]},"6":{"type":"branch","line":21,"loc":{"start":{"line":21,"column":20},"end":{"line":23,"column":4}},"locations":[{"start":{"line":21,"column":20},"end":{"line":23,"column":4}}]}},"b":{"0":[9],"1":[9],"2":[1],"3":[8],"4":[1],"5":[7],"6":[2]},"fnMap":{"0":{"name":"<instance_members_initializer>","decl":{"start":{"line":4,"column":18},"end":{"line":24,"column":1}},"loc":{"start":{"line":4,"column":18},"end":{"line":24,"column":1}},"line":4},"1":{"name":"Name","decl":{"start":{"line":9,"column":2},"end":{"line":19,"column":4}},"loc":{"start":{"line":9,"column":2},"end":{"line":19,"column":4}},"line":9},"2":{"name":"toString","decl":{"start":{"line":21,"column":20},"end":{"line":23,"column":4}},"loc":{"start":{"line":21,"column":20},"end":{"line":23,"column":4}},"line":21}},"f":{"0":9,"1":9,"2":2}}
,"/Users/sten/git/secure-programmin/src/types/nameString.ts": {"path":"/Users/sten/git/secure-programmin/src/types/nameString.ts","all":false,"statementMap":{"0":{"start":{"line":1,"column":0},"end":{"line":1,"column":49}},"2":{"start":{"line":3,"column":0},"end":{"line":3,"column":25}},"3":{"start":{"line":4,"column":0},"end":{"line":4,"column":21}},"5":{"start":{"line":6,"column":0},"end":{"line":6,"column":35}},"6":{"start":{"line":7,"column":0},"end":{"line":7,"column":42}},"7":{"start":{"line":8,"column":0},"end":{"line":8,"column":127}},"8":{"start":{"line":9,"column":0},"end":{"line":9,"column":9}},"9":{"start":{"line":10,"column":0},"end":{"line":10,"column":33}},"10":{"start":{"line":11,"column":0},"end":{"line":11,"column":5}},"12":{"start":{"line":13,"column":0},"end":{"line":13,"column":55}},"14":{"start":{"line":15,"column":0},"end":{"line":15,"column":48}},"15":{"start":{"line":16,"column":0},"end":{"line":16,"column":43}},"16":{"start":{"line":17,"column":0},"end":{"line":17,"column":5}},"17":{"start":{"line":18,"column":0},"end":{"line":18,"column":1}}},"s":{"0":1,"2":1,"3":18,"5":18,"6":18,"7":7,"8":7,"9":11,"10":18,"12":18,"14":18,"15":18,"16":18,"17":18},"branchMap":{"0":{"type":"branch","line":3,"loc":{"start":{"line":3,"column":24},"end":{"line":18,"column":1}},"locations":[{"start":{"line":3,"column":24},"end":{"line":18,"column":1}}]},"1":{"type":"branch","line":6,"loc":{"start":{"line":6,"column":4},"end":{"line":11,"column":5}},"locations":[{"start":{"line":6,"column":4},"end":{"line":11,"column":5}}]},"2":{"type":"branch","line":7,"loc":{"start":{"line":7,"column":41},"end":{"line":10,"column":33}},"locations":[{"start":{"line":7,"column":41},"end":{"line":10,"column":33}}]},"3":{"type":"branch","line":7,"loc":{"start":{"line":7,"column":41},"end":{"line":9,"column":9}},"locations":[{"start":{"line":7,"column":41},"end":{"line":9,"column":9}}]},"4":{"type":"branch","line":13,"loc":{"start":{"line":13,"column":11},"end":{"line":13,"column":55}},"locations":[{"start":{"line":13,"column":11},"end":{"line":13,"column":55}}]},"5":{"type":"branch","line":15,"loc":{"start":{"line":15,"column":12},"end":{"line":17,"column":5}},"locations":[{"start":{"line":15,"column":12},"end":{"line":17,"column":5}}]}},"b":{"0":[18],"1":[18],"2":[11],"3":[7],"4":[9],"5":[18]},"fnMap":{"0":{"name":"<instance_members_initializer>","decl":{"start":{"line":3,"column":24},"end":{"line":18,"column":1}},"loc":{"start":{"line":3,"column":24},"end":{"line":18,"column":1}},"line":3},"1":{"name":"NameString","decl":{"start":{"line":6,"column":4},"end":{"line":11,"column":5}},"loc":{"start":{"line":6,"column":4},"end":{"line":11,"column":5}},"line":6},"2":{"name":"toString","decl":{"start":{"line":13,"column":11},"end":{"line":13,"column":55}},"loc":{"start":{"line":13,"column":11},"end":{"line":13,"column":55}},"line":13},"3":{"name":"isValidName","decl":{"start":{"line":15,"column":12},"end":{"line":17,"column":5}},"loc":{"start":{"line":15,"column":12},"end":{"line":17,"column":5}},"line":15}},"f":{"0":18,"1":18,"2":9,"3":18}}
}
