{"/Users/sten/git/secure-programmin/src/models/DomainModel.ts": {"path":"/Users/sten/git/secure-programmin/src/models/DomainModel.ts","all":false,"statementMap":{"0":{"start":{"line":1,"column":0},"end":{"line":1,"column":38}},"1":{"start":{"line":2,"column":0},"end":{"line":2,"column":32}},"3":{"start":{"line":4,"column":0},"end":{"line":4,"column":37}},"4":{"start":{"line":5,"column":0},"end":{"line":5,"column":52}},"5":{"start":{"line":6,"column":0},"end":{"line":6,"column":78}},"6":{"start":{"line":7,"column":0},"end":{"line":7,"column":9}},"8":{"start":{"line":9,"column":0},"end":{"line":9,"column":27}},"9":{"start":{"line":10,"column":0},"end":{"line":10,"column":73}},"10":{"start":{"line":11,"column":0},"end":{"line":11,"column":5}},"13":{"start":{"line":14,"column":0},"end":{"line":14,"column":33}},"16":{"start":{"line":17,"column":0},"end":{"line":17,"column":31}},"17":{"start":{"line":18,"column":0},"end":{"line":18,"column":34}},"18":{"start":{"line":19,"column":0},"end":{"line":19,"column":5}},"21":{"start":{"line":22,"column":0},"end":{"line":22,"column":41}},"22":{"start":{"line":23,"column":0},"end":{"line":23,"column":42}},"23":{"start":{"line":24,"column":0},"end":{"line":24,"column":5}},"24":{"start":{"line":25,"column":0},"end":{"line":25,"column":1}}},"s":{"0":1,"1":2,"3":2,"4":2,"5":0,"6":0,"8":2,"9":2,"10":2,"13":2,"16":2,"17":2,"18":2,"21":2,"22":0,"23":0,"24":2},"branchMap":{"0":{"type":"branch","line":1,"loc":{"start":{"line":1,"column":37},"end":{"line":25,"column":1}},"locations":[{"start":{"line":1,"column":37},"end":{"line":25,"column":1}}]},"1":{"type":"branch","line":4,"loc":{"start":{"line":4,"column":14},"end":{"line":11,"column":5}},"locations":[{"start":{"line":4,"column":14},"end":{"line":11,"column":5}}]},"2":{"type":"branch","line":5,"loc":{"start":{"line":5,"column":51},"end":{"line":7,"column":9}},"locations":[{"start":{"line":5,"column":51},"end":{"line":7,"column":9}}]},"3":{"type":"branch","line":17,"loc":{"start":{"line":17,"column":11},"end":{"line":19,"column":5}},"locations":[{"start":{"line":17,"column":11},"end":{"line":19,"column":5}}]}},"b":{"0":[2],"1":[2],"2":[0],"3":[2]},"fnMap":{"0":{"name":"<instance_members_initializer>","decl":{"start":{"line":1,"column":37},"end":{"line":25,"column":1}},"loc":{"start":{"line":1,"column":37},"end":{"line":25,"column":1}},"line":1},"1":{"name":"DomainModel","decl":{"start":{"line":4,"column":14},"end":{"line":11,"column":5}},"loc":{"start":{"line":4,"column":14},"end":{"line":11,"column":5}},"line":4},"2":{"name":"validate","decl":{"start":{"line":14,"column":14},"end":{"line":14,"column":33}},"loc":{"start":{"line":14,"column":14},"end":{"line":14,"column":33}},"line":14},"3":{"name":"toString","decl":{"start":{"line":17,"column":11},"end":{"line":19,"column":5}},"loc":{"start":{"line":17,"column":11},"end":{"line":19,"column":5}},"line":17},"4":{"name":"equals","decl":{"start":{"line":22,"column":11},"end":{"line":24,"column":5}},"loc":{"start":{"line":22,"column":11},"end":{"line":24,"column":5}},"line":22}},"f":{"0":2,"1":2,"2":0,"3":2,"4":0}}
,"/Users/sten/git/secure-programmin/src/models/Guid.ts": {"path":"/Users/sten/git/secure-programmin/src/models/Guid.ts","all":false,"statementMap":{"0":{"start":{"line":1,"column":0},"end":{"line":1,"column":44}},"2":{"start":{"line":3,"column":0},"end":{"line":3,"column":75}},"3":{"start":{"line":4,"column":0},"end":{"line":4,"column":42}},"4":{"start":{"line":5,"column":0},"end":{"line":5,"column":21}},"5":{"start":{"line":6,"column":0},"end":{"line":6,"column":5}},"8":{"start":{"line":9,"column":0},"end":{"line":9,"column":32}},"9":{"start":{"line":10,"column":0},"end":{"line":10,"column":44}},"10":{"start":{"line":11,"column":0},"end":{"line":11,"column":66}},"11":{"start":{"line":12,"column":0},"end":{"line":12,"column":9}},"12":{"start":{"line":13,"column":0},"end":{"line":13,"column":5}},"15":{"start":{"line":16,"column":0},"end":{"line":16,"column":56}},"16":{"start":{"line":17,"column":0},"end":{"line":17,"column":25}},"17":{"start":{"line":18,"column":0},"end":{"line":18,"column":78}},"18":{"start":{"line":19,"column":0},"end":{"line":19,"column":37}},"19":{"start":{"line":20,"column":0},"end":{"line":20,"column":5}},"22":{"start":{"line":23,"column":0},"end":{"line":23,"column":82}},"23":{"start":{"line":24,"column":0},"end":{"line":24,"column":45}},"24":{"start":{"line":25,"column":0},"end":{"line":25,"column":5}},"25":{"start":{"line":26,"column":0},"end":{"line":26,"column":1}}},"s":{"0":1,"2":1,"3":1,"4":2,"5":2,"8":1,"9":2,"10":0,"11":0,"12":2,"15":1,"16":2,"17":2,"18":2,"19":2,"22":1,"23":1,"24":1,"25":1},"branchMap":{"0":{"type":"branch","line":4,"loc":{"start":{"line":4,"column":14},"end":{"line":6,"column":5}},"locations":[{"start":{"line":4,"column":14},"end":{"line":6,"column":5}}]},"1":{"type":"branch","line":9,"loc":{"start":{"line":9,"column":14},"end":{"line":13,"column":5}},"locations":[{"start":{"line":9,"column":14},"end":{"line":13,"column":5}}]},"2":{"type":"branch","line":10,"loc":{"start":{"line":10,"column":43},"end":{"line":12,"column":9}},"locations":[{"start":{"line":10,"column":43},"end":{"line":12,"column":9}}]},"3":{"type":"branch","line":16,"loc":{"start":{"line":16,"column":19},"end":{"line":20,"column":5}},"locations":[{"start":{"line":16,"column":19},"end":{"line":20,"column":5}}]},"4":{"type":"branch","line":23,"loc":{"start":{"line":23,"column":18},"end":{"line":25,"column":5}},"locations":[{"start":{"line":23,"column":18},"end":{"line":25,"column":5}}]}},"b":{"0":[2],"1":[2],"2":[0],"3":[2],"4":[1]},"fnMap":{"0":{"name":"Guid","decl":{"start":{"line":4,"column":14},"end":{"line":6,"column":5}},"loc":{"start":{"line":4,"column":14},"end":{"line":6,"column":5}},"line":4},"1":{"name":"validate","decl":{"start":{"line":9,"column":14},"end":{"line":13,"column":5}},"loc":{"start":{"line":9,"column":14},"end":{"line":13,"column":5}},"line":9},"2":{"name":"isValidGuid","decl":{"start":{"line":16,"column":19},"end":{"line":20,"column":5}},"loc":{"start":{"line":16,"column":19},"end":{"line":20,"column":5}},"line":16},"3":{"name":"generate","decl":{"start":{"line":23,"column":18},"end":{"line":25,"column":5}},"loc":{"start":{"line":23,"column":18},"end":{"line":25,"column":5}},"line":23}},"f":{"0":2,"1":2,"2":2,"3":1}}
,"/Users/sten/git/secure-programmin/src/models/ProjectGuid.ts": {"path":"/Users/sten/git/secure-programmin/src/models/ProjectGuid.ts","all":false,"statementMap":{"0":{"start":{"line":1,"column":0},"end":{"line":1,"column":30}},"2":{"start":{"line":3,"column":0},"end":{"line":3,"column":52}},"3":{"start":{"line":4,"column":0},"end":{"line":4,"column":32}},"4":{"start":{"line":5,"column":0},"end":{"line":5,"column":21}},"5":{"start":{"line":6,"column":0},"end":{"line":6,"column":5}},"8":{"start":{"line":9,"column":0},"end":{"line":9,"column":54}},"9":{"start":{"line":10,"column":0},"end":{"line":10,"column":38}},"10":{"start":{"line":11,"column":0},"end":{"line":11,"column":5}},"13":{"start":{"line":14,"column":0},"end":{"line":14,"column":1}}},"s":{"0":1,"2":1,"3":1,"4":2,"5":2,"8":1,"9":1,"10":1,"13":1},"branchMap":{"0":{"type":"branch","line":4,"loc":{"start":{"line":4,"column":4},"end":{"line":6,"column":5}},"locations":[{"start":{"line":4,"column":4},"end":{"line":6,"column":5}}]},"1":{"type":"branch","line":9,"loc":{"start":{"line":9,"column":18},"end":{"line":11,"column":5}},"locations":[{"start":{"line":9,"column":18},"end":{"line":11,"column":5}}]}},"b":{"0":[2],"1":[1]},"fnMap":{"0":{"name":"ProjectGuid","decl":{"start":{"line":4,"column":4},"end":{"line":6,"column":5}},"loc":{"start":{"line":4,"column":4},"end":{"line":6,"column":5}},"line":4},"1":{"name":"create","decl":{"start":{"line":9,"column":18},"end":{"line":11,"column":5}},"loc":{"start":{"line":9,"column":18},"end":{"line":11,"column":5}},"line":9}},"f":{"0":2,"1":1}}
}
